<?xml version="1.0" encoding="UTF-8"?>
<testsuite name="io.grpc.transport.netty.NettyClientStreamTest" tests="23" skipped="0" failures="0" errors="0" timestamp="2015-06-29T02:22:12" hostname="xwu-desktop" time="0.129">
  <properties/>
  <testcase name="inboundMessageShouldCallListener" classname="io.grpc.transport.netty.NettyClientStreamTest" time="0.035"/>
  <testcase name="setStatusWithErrorShouldCloseStream" classname="io.grpc.transport.netty.NettyClientStreamTest" time="0.003"/>
  <testcase name="invalidInboundHeadersCancelStream" classname="io.grpc.transport.netty.NettyClientStreamTest" time="0.012"/>
  <testcase name="cancelShouldSendCommand" classname="io.grpc.transport.netty.NettyClientStreamTest" time="0.004"/>
  <testcase name="inboundStatusShouldSetStatus" classname="io.grpc.transport.netty.NettyClientStreamTest" time="0.004"/>
  <testcase name="setStatusWithOkShouldNotOverrideError" classname="io.grpc.transport.netty.NettyClientStreamTest" time="0.004"/>
  <testcase name="nonGrpcResponseShouldSetStatus" classname="io.grpc.transport.netty.NettyClientStreamTest" time="0.004"/>
  <testcase name="cancelShouldStillSendCommandIfStreamNotCreatedToCancelCreation" classname="io.grpc.transport.netty.NettyClientStreamTest" time="0.004"/>
  <testcase name="closeShouldSucceed" classname="io.grpc.transport.netty.NettyClientStreamTest" time="0.003"/>
  <testcase name="setStatusWithErrorShouldNotOverridePreviousError" classname="io.grpc.transport.netty.NettyClientStreamTest" time="0.003"/>
  <testcase name="setHttp2StreamShouldNotifyReady" classname="io.grpc.transport.netty.NettyClientStreamTest" time="0.004"/>
  <testcase name="deframedDataAfterCancelShouldBeIgnored" classname="io.grpc.transport.netty.NettyClientStreamTest" time="0.004"/>
  <testcase name="setStatusWithOkShouldCloseStream" classname="io.grpc.transport.netty.NettyClientStreamTest" time="0.003"/>
  <testcase name="inboundTrailersClosesCall" classname="io.grpc.transport.netty.NettyClientStreamTest" time="0.003"/>
  <testcase name="writeMessageShouldSendRequest" classname="io.grpc.transport.netty.NettyClientStreamTest" time="0.004"/>
  <testcase name="writeMessageShouldSendRequestUnknownLength" classname="io.grpc.transport.netty.NettyClientStreamTest" time="0.004"/>
  <testcase name="dataFrameWithEosShouldDeframeAndThenFail" classname="io.grpc.transport.netty.NettyClientStreamTest" time="0.004"/>
  <testcase name="inboundHeadersShouldCallListenerHeadersRead" classname="io.grpc.transport.netty.NettyClientStreamTest" time="0.004"/>
  <testcase name="notifiedOnReadyAfterWriteCompletes" classname="io.grpc.transport.netty.NettyClientStreamTest" time="0.004"/>
  <testcase name="shouldNotBeReadyForDataAfterWritingLargeMessage" classname="io.grpc.transport.netty.NettyClientStreamTest" time="0.004"/>
  <testcase name="closedShouldNotBeReady" classname="io.grpc.transport.netty.NettyClientStreamTest" time="0.003"/>
  <testcase name="shouldBeImmediatelyReadyForData" classname="io.grpc.transport.netty.NettyClientStreamTest" time="0.003"/>
  <testcase name="shouldBeReadyForDataAfterWritingSmallMessage" classname="io.grpc.transport.netty.NettyClientStreamTest" time="0.002"/>
  <system-out><![CDATA[]]></system-out>
  <system-err><![CDATA[]]></system-err>
</testsuite>
