<?xml version="1.0" encoding="UTF-8"?>
<testsuite name="io.grpc.transport.netty.NettyWritableBufferAllocatorTest" tests="4" skipped="0" failures="0" errors="0" timestamp="2015-06-29T02:22:11" hostname="xwu-desktop" time="0.106">
  <properties/>
  <testcase name="testCapacityHasMinimum" classname="io.grpc.transport.netty.NettyWritableBufferAllocatorTest" time="0.104"/>
  <testcase name="testCapacityIsExactAboveMinimum" classname="io.grpc.transport.netty.NettyWritableBufferAllocatorTest" time="0.0"/>
  <testcase name="testCapacityIsCappedAtMaximum" classname="io.grpc.transport.netty.NettyWritableBufferAllocatorTest" time="0.001"/>
  <testcase name="testBuffersAreDifferent" classname="io.grpc.transport.netty.NettyWritableBufferAllocatorTest" time="0.0"/>
  <system-out><![CDATA[]]></system-out>
  <system-err><![CDATA[]]></system-err>
</testsuite>
