<?xml version="1.0" encoding="UTF-8"?>
<testsuite name="io.grpc.stub.StubConfigTest" tests="1" skipped="0" failures="0" errors="0" timestamp="2015-06-29T02:22:08" hostname="xwu-desktop" time="0.001">
  <properties/>
  <testcase name="testConfigureTimeout" classname="io.grpc.stub.StubConfigTest" time="0.001"/>
  <system-out><![CDATA[]]></system-out>
  <system-err><![CDATA[]]></system-err>
</testsuite>
