<?xml version="1.0" encoding="UTF-8"?>
<testsuite name="io.grpc.testing.integration.Http2OkHttpTest" tests="17" skipped="0" failures="0" errors="0" timestamp="2015-06-29T02:22:05" hostname="xwu-desktop" time="2.264">
  <properties/>
  <testcase name="veryLargeRequest" classname="io.grpc.testing.integration.Http2OkHttpTest" time="0.526"/>
  <testcase name="veryLargeResponse" classname="io.grpc.testing.integration.Http2OkHttpTest" time="0.377"/>
  <testcase name="exchangeContextUnaryCall" classname="io.grpc.testing.integration.Http2OkHttpTest" time="0.064"/>
  <testcase name="emptyUnary" classname="io.grpc.testing.integration.Http2OkHttpTest" time="0.061"/>
  <testcase name="pingPong" classname="io.grpc.testing.integration.Http2OkHttpTest" time="0.147"/>
  <testcase name="clientStreaming" classname="io.grpc.testing.integration.Http2OkHttpTest" time="0.062"/>
  <testcase name="fullDuplexCallShouldSucceed" classname="io.grpc.testing.integration.Http2OkHttpTest" time="0.067"/>
  <testcase name="sendsTimeoutHeader" classname="io.grpc.testing.integration.Http2OkHttpTest" time="0.066"/>
  <testcase name="serverStreamingShouldBeFlowControlled" classname="io.grpc.testing.integration.Http2OkHttpTest" time="0.288"/>
  <testcase name="gracefulShutdown" classname="io.grpc.testing.integration.Http2OkHttpTest" time="0.113"/>
  <testcase name="serverStreaming" classname="io.grpc.testing.integration.Http2OkHttpTest" time="0.067"/>
  <testcase name="cancelAfterFirstResponse" classname="io.grpc.testing.integration.Http2OkHttpTest" time="0.077"/>
  <testcase name="cancelAfterBegin" classname="io.grpc.testing.integration.Http2OkHttpTest" time="0.06"/>
  <testcase name="emptyStream" classname="io.grpc.testing.integration.Http2OkHttpTest" time="0.071"/>
  <testcase name="halfDuplexCallShouldSucceed" classname="io.grpc.testing.integration.Http2OkHttpTest" time="0.072"/>
  <testcase name="exchangeContextStreamingCall" classname="io.grpc.testing.integration.Http2OkHttpTest" time="0.07"/>
  <testcase name="largeUnary" classname="io.grpc.testing.integration.Http2OkHttpTest" time="0.069"/>
  <system-out><![CDATA[]]></system-out>
  <system-err><![CDATA[]]></system-err>
</testsuite>
