<?xml version="1.0" encoding="UTF-8"?>
<testsuite name="io.grpc.transport.okhttp.OkHttpReadableBufferTest" tests="7" skipped="0" failures="0" errors="0" timestamp="2015-06-29T02:22:16" hostname="xwu-desktop" time="0.033">
  <properties/>
  <testcase name="partialReadToByteBufferShouldSucceed" classname="io.grpc.transport.okhttp.OkHttpReadableBufferTest" time="0.001"/>
  <testcase name="readToByteBufferShouldSucceed" classname="io.grpc.transport.okhttp.OkHttpReadableBufferTest" time="0.001"/>
  <testcase name="partialReadToArrayShouldSucceed" classname="io.grpc.transport.okhttp.OkHttpReadableBufferTest" time="0.002"/>
  <testcase name="bufferShouldReadAllBytes" classname="io.grpc.transport.okhttp.OkHttpReadableBufferTest" time="0.015"/>
  <testcase name="readToStreamShouldSucceed" classname="io.grpc.transport.okhttp.OkHttpReadableBufferTest" time="0.008"/>
  <testcase name="readToArrayShouldSucceed" classname="io.grpc.transport.okhttp.OkHttpReadableBufferTest" time="0.004"/>
  <testcase name="partialReadToStreamShouldSucceed" classname="io.grpc.transport.okhttp.OkHttpReadableBufferTest" time="0.001"/>
  <system-out><![CDATA[]]></system-out>
  <system-err><![CDATA[]]></system-err>
</testsuite>
