<?xml version="1.0" encoding="UTF-8"?>
<testsuite name="io.grpc.auth.ClientAuthInterceptorTests" tests="3" skipped="0" failures="0" errors="0" timestamp="2015-06-29T02:21:17" hostname="xwu-desktop" time="0.368">
  <properties/>
  <testcase name="testWithOAuth2Credential" classname="io.grpc.auth.ClientAuthInterceptorTests" time="0.33"/>
  <testcase name="testCopyCredentialToHeaders" classname="io.grpc.auth.ClientAuthInterceptorTests" time="0.018"/>
  <testcase name="testCredentialsThrows" classname="io.grpc.auth.ClientAuthInterceptorTests" time="0.019"/>
  <system-out><![CDATA[]]></system-out>
  <system-err><![CDATA[]]></system-err>
</testsuite>
