<?xml version="1.0" encoding="UTF-8"?>
<testsuite name="io.grpc.transport.HttpUtilTest" tests="4" skipped="0" failures="0" errors="0" timestamp="2015-06-29T02:21:48" hostname="xwu-desktop" time="0.002">
  <properties/>
  <testcase name="http2ErrorStatus" classname="io.grpc.transport.HttpUtilTest" time="0.001"/>
  <testcase name="http2ErrorRoundTrip" classname="io.grpc.transport.HttpUtilTest" time="0.0"/>
  <testcase name="http2ErrorStatusForCode" classname="io.grpc.transport.HttpUtilTest" time="0.0"/>
  <testcase name="http2ErrorForCode" classname="io.grpc.transport.HttpUtilTest" time="0.0"/>
  <system-out><![CDATA[]]></system-out>
  <system-err><![CDATA[]]></system-err>
</testsuite>
