<?xml version="1.0" encoding="UTF-8"?>
<testsuite name="io.grpc.StatusTest" tests="1" skipped="0" failures="0" errors="0" timestamp="2015-06-29T02:21:48" hostname="xwu-desktop" time="0.001">
  <properties/>
  <testcase name="verifyExceptionMessage" classname="io.grpc.StatusTest" time="0.001"/>
  <system-out><![CDATA[]]></system-out>
  <system-err><![CDATA[]]></system-err>
</testsuite>
