<?xml version="1.0" encoding="UTF-8"?>
<testsuite name="io.grpc.ClientInterceptorsTest" tests="11" skipped="0" failures="0" errors="0" timestamp="2015-06-29T02:21:47" hostname="xwu-desktop" time="0.092">
  <properties/>
  <testcase name="examineInboundHeaders" classname="io.grpc.ClientInterceptorsTest" time="0.044"/>
  <testcase name="npeForNullInterceptorList" classname="io.grpc.ClientInterceptorsTest" time="0.002"/>
  <testcase name="normalCall" classname="io.grpc.ClientInterceptorsTest" time="0.003"/>
  <testcase name="ordered" classname="io.grpc.ClientInterceptorsTest" time="0.003"/>
  <testcase name="callNextTwice" classname="io.grpc.ClientInterceptorsTest" time="0.002"/>
  <testcase name="noop" classname="io.grpc.ClientInterceptorsTest" time="0.001"/>
  <testcase name="addOutboundHeaders" classname="io.grpc.ClientInterceptorsTest" time="0.005"/>
  <testcase name="channelAndInterceptorCalled" classname="io.grpc.ClientInterceptorsTest" time="0.024"/>
  <testcase name="npeForNullChannel" classname="io.grpc.ClientInterceptorsTest" time="0.001"/>
  <testcase name="exceptionInStart" classname="io.grpc.ClientInterceptorsTest" time="0.002"/>
  <testcase name="npeForNullInterceptor" classname="io.grpc.ClientInterceptorsTest" time="0.001"/>
  <system-out><![CDATA[]]></system-out>
  <system-err><![CDATA[]]></system-err>
</testsuite>
