<?xml version="1.0" encoding="UTF-8"?>
<testsuite name="io.grpc.transport.TransportFrameUtilTest" tests="3" skipped="0" failures="0" errors="0" timestamp="2015-06-29T02:21:48" hostname="xwu-desktop" time="0.026">
  <properties/>
  <testcase name="testToHttp2Headers" classname="io.grpc.transport.TransportFrameUtilTest" time="0.023"/>
  <testcase name="testToAndFromHttp2Headers" classname="io.grpc.transport.TransportFrameUtilTest" time="0.002"/>
  <testcase name="binaryHeaderWithoutSuffix" classname="io.grpc.transport.TransportFrameUtilTest" time="0.0"/>
  <system-out><![CDATA[]]></system-out>
  <system-err><![CDATA[Jun 29, 2015 10:21:48 AM io.grpc.transport.TransportFrameUtil toHttp2Headers
WARNING: Metadata key=string, value=[1, 2, 3] contains invalid ASCII characters
Jun 29, 2015 10:21:48 AM io.grpc.transport.TransportFrameUtil toHttp2Headers
WARNING: Metadata key=string, value=[1, 2, 3] contains invalid ASCII characters
]]></system-err>
</testsuite>
