<?xml version="1.0" encoding="UTF-8"?>
<testsuite name="io.grpc.SharedResourceHolderTest" tests="4" skipped="0" failures="0" errors="0" timestamp="2015-06-29T02:21:48" hostname="xwu-desktop" time="0.013">
  <properties/>
  <testcase name="overreleaseInstance" classname="io.grpc.SharedResourceHolderTest" time="0.011"/>
  <testcase name="releaseWrongInstance" classname="io.grpc.SharedResourceHolderTest" time="0.0"/>
  <testcase name="cancelDestroyTask" classname="io.grpc.SharedResourceHolderTest" time="0.001"/>
  <testcase name="destroyResourceWhenRefCountReachesZero" classname="io.grpc.SharedResourceHolderTest" time="0.0"/>
  <system-out><![CDATA[]]></system-out>
  <system-err><![CDATA[]]></system-err>
</testsuite>
