<?xml version="1.0" encoding="UTF-8"?>
<testsuite name="io.grpc.ServerInterceptorsTest" tests="9" skipped="0" failures="0" errors="0" timestamp="2015-06-29T02:21:48" hostname="xwu-desktop" time="0.033">
  <properties/>
  <testcase name="npeForNullInterceptorList" classname="io.grpc.ServerInterceptorsTest" time="0.007"/>
  <testcase name="ordered" classname="io.grpc.ServerInterceptorsTest" time="0.002"/>
  <testcase name="callNextTwice" classname="io.grpc.ServerInterceptorsTest" time="0.001"/>
  <testcase name="argumentsPassed" classname="io.grpc.ServerInterceptorsTest" time="0.001"/>
  <testcase name="noop" classname="io.grpc.ServerInterceptorsTest" time="0.0"/>
  <testcase name="npeForNullServiceDefinition" classname="io.grpc.ServerInterceptorsTest" time="0.001"/>
  <testcase name="multipleInvocationsOfHandler" classname="io.grpc.ServerInterceptorsTest" time="0.013"/>
  <testcase name="correctHandlerCalled" classname="io.grpc.ServerInterceptorsTest" time="0.002"/>
  <testcase name="npeForNullInterceptor" classname="io.grpc.ServerInterceptorsTest" time="0.001"/>
  <system-out><![CDATA[]]></system-out>
  <system-err><![CDATA[]]></system-err>
</testsuite>
