<?xml version="1.0" encoding="UTF-8"?>
<testsuite name="io.grpc.ChannelImplTest" tests="4" skipped="0" failures="0" errors="0" timestamp="2015-06-29T02:21:47" hostname="xwu-desktop" time="0.207">
  <properties/>
  <testcase name="timeoutTest" classname="io.grpc.ChannelImplTest" time="0.002"/>
  <testcase name="shutdownWithNoTransportsEverCreated" classname="io.grpc.ChannelImplTest" time="0.004"/>
  <testcase name="transportFailsOnStart" classname="io.grpc.ChannelImplTest" time="0.152"/>
  <testcase name="twoCallsAndGracefulShutdown" classname="io.grpc.ChannelImplTest" time="0.046"/>
  <system-out><![CDATA[]]></system-out>
  <system-err><![CDATA[]]></system-err>
</testsuite>
