<?xml version="1.0" encoding="UTF-8"?>
<testsuite name="io.grpc.stub.ClientCallsTest" tests="3" skipped="0" failures="0" errors="0" timestamp="2015-06-29T02:22:19" hostname="xwu-desktop" time="0.267">
  <properties/>
  <testcase name="unaryFutureCallCancelled" classname="io.grpc.stub.ClientCallsTest" time="0.262"/>
  <testcase name="unaryFutureCallFailed" classname="io.grpc.stub.ClientCallsTest" time="0.003"/>
  <testcase name="unaryFutureCallSuccess" classname="io.grpc.stub.ClientCallsTest" time="0.002"/>
  <system-out><![CDATA[]]></system-out>
  <system-err><![CDATA[]]></system-err>
</testsuite>
